Info: Starting: Create block symbol file (.bsf)
Info: qsys-generate D:\syncplicity\z003nc3v\Documents\MSE\1Sem_HS17_18\TSM_EmbHardw\w4\exercises\lab4LcdInterface\systemFile.qsys --block-symbol-file --output-directory=D:\syncplicity\z003nc3v\Documents\MSE\1Sem_HS17_18\TSM_EmbHardw\w4\exercises\lab4LcdInterface\systemFile --family="Cyclone IV E" --part=EP4CE30F23C7
Progress: Loading lab4LcdInterface/systemFile.qsys
Progress: Reading input file
Progress: Adding CPU [altera_nios2_gen2 17.0]
Progress: Parameterizing module CPU
Progress: Adding DMA [DMAMaster 1.0]
Progress: Parameterizing module DMA
Progress: Adding LCD [LCD 1.0]
Progress: Parameterizing module LCD
Progress: Adding SDRAM_ctrl [altera_avalon_new_sdram_controller 17.0]
Progress: Parameterizing module SDRAM_ctrl
Progress: Adding TCDM [altera_avalon_onchip_memory2 17.0]
Progress: Parameterizing module TCDM
Progress: Adding TCIM [altera_avalon_onchip_memory2 17.0]
Progress: Parameterizing module TCIM
Progress: Adding altpll_0 [altpll 17.0]
Progress: Parameterizing module altpll_0
Progress: Adding altpll_signalTap [altpll 17.0]
Progress: Parameterizing module altpll_signalTap
Progress: Adding clk_0 [clock_source 17.0]
Progress: Parameterizing module clk_0
Progress: Adding jtag_uart [altera_avalon_jtag_uart 17.0]
Progress: Parameterizing module jtag_uart
Progress: Adding performance_counter_0 [altera_avalon_performance_counter 17.0]
Progress: Parameterizing module performance_counter_0
Progress: Adding sysid [altera_avalon_sysid_qsys 17.0]
Progress: Parameterizing module sysid
Progress: Adding timer_0 [altera_avalon_timer 17.0]
Progress: Parameterizing module timer_0
Progress: Building connections
Progress: Parameterizing connections
Progress: Validating
Progress: Done reading input file
Info: systemFile.SDRAM_ctrl: SDRAM Controller will only be supported in Quartus Prime Standard Edition in the future release.
Info: systemFile.jtag_uart: JTAG UART IP input clock need to be at least double (2x) the operating frequency of JTAG TCK on board
Info: systemFile.sysid: System ID is not assigned automatically. Edit the System ID parameter to provide a unique ID
Info: systemFile.sysid: Time stamp will be automatically updated when this component is generated.
Info: qsys-generate succeeded.
Info: Finished: Create block symbol file (.bsf)
Info: 
Info: Starting: Create HDL design files for synthesis
Info: qsys-generate D:\syncplicity\z003nc3v\Documents\MSE\1Sem_HS17_18\TSM_EmbHardw\w4\exercises\lab4LcdInterface\systemFile.qsys --synthesis=VHDL --output-directory=D:\syncplicity\z003nc3v\Documents\MSE\1Sem_HS17_18\TSM_EmbHardw\w4\exercises\lab4LcdInterface\systemFile\synthesis --family="Cyclone IV E" --part=EP4CE30F23C7
Progress: Loading lab4LcdInterface/systemFile.qsys
Progress: Reading input file
Progress: Adding CPU [altera_nios2_gen2 17.0]
Progress: Parameterizing module CPU
Progress: Adding DMA [DMAMaster 1.0]
Progress: Parameterizing module DMA
Progress: Adding LCD [LCD 1.0]
Progress: Parameterizing module LCD
Progress: Adding SDRAM_ctrl [altera_avalon_new_sdram_controller 17.0]
Progress: Parameterizing module SDRAM_ctrl
Progress: Adding TCDM [altera_avalon_onchip_memory2 17.0]
Progress: Parameterizing module TCDM
Progress: Adding TCIM [altera_avalon_onchip_memory2 17.0]
Progress: Parameterizing module TCIM
Progress: Adding altpll_0 [altpll 17.0]
Progress: Parameterizing module altpll_0
Progress: Adding altpll_signalTap [altpll 17.0]
Progress: Parameterizing module altpll_signalTap
Progress: Adding clk_0 [clock_source 17.0]
Progress: Parameterizing module clk_0
Progress: Adding jtag_uart [altera_avalon_jtag_uart 17.0]
Progress: Parameterizing module jtag_uart
Progress: Adding performance_counter_0 [altera_avalon_performance_counter 17.0]
Progress: Parameterizing module performance_counter_0
Progress: Adding sysid [altera_avalon_sysid_qsys 17.0]
Progress: Parameterizing module sysid
Progress: Adding timer_0 [altera_avalon_timer 17.0]
Progress: Parameterizing module timer_0
Progress: Building connections
Progress: Parameterizing connections
Progress: Validating
Progress: Done reading input file
Info: systemFile.SDRAM_ctrl: SDRAM Controller will only be supported in Quartus Prime Standard Edition in the future release.
Info: systemFile.jtag_uart: JTAG UART IP input clock need to be at least double (2x) the operating frequency of JTAG TCK on board
Info: systemFile.sysid: System ID is not assigned automatically. Edit the System ID parameter to provide a unique ID
Info: systemFile.sysid: Time stamp will be automatically updated when this component is generated.
Info: systemFile: Generating systemFile "systemFile" for QUARTUS_SYNTH
Info: Inserting clock-crossing logic between cmd_demux_001.src7 and cmd_mux_007.sink0
Info: Inserting clock-crossing logic between rsp_demux_007.src0 and rsp_mux_001.sink7
Info: Interconnect is inserted between master CPU.tightly_coupled_data_master_0 and slave TCDM.s1 because the master has address signal 26 bit wide, but the slave is 10 bit wide.
Info: Interconnect is inserted between master CPU.tightly_coupled_data_master_0 and slave TCDM.s1 because the master has read signal 1 bit wide, but the slave is 0 bit wide.
Info: Interconnect is inserted between master CPU.tightly_coupled_instruction_master_0 and slave TCIM.s1 because the master has address signal 26 bit wide, but the slave is 10 bit wide.
Info: Interconnect is inserted between master CPU.tightly_coupled_instruction_master_0 and slave TCIM.s1 because the master has read signal 1 bit wide, but the slave is 0 bit wide.
Info: CPU: "systemFile" instantiated altera_nios2_gen2 "CPU"
Info: DMA: "systemFile" instantiated DMAMaster "DMA"
Info: LCD: "systemFile" instantiated LCD "LCD"
Info: SDRAM_ctrl: Starting RTL generation for module 'systemFile_SDRAM_ctrl'
Info: SDRAM_ctrl:   Generation command is [exec D:/programs/intelfpga_lite/17.0/quartus/bin64/perl/bin/perl.exe -I D:/programs/intelfpga_lite/17.0/quartus/bin64/perl/lib -I D:/programs/intelfpga_lite/17.0/quartus/sopc_builder/bin/europa -I D:/programs/intelfpga_lite/17.0/quartus/sopc_builder/bin/perl_lib -I D:/programs/intelfpga_lite/17.0/quartus/sopc_builder/bin -I D:/programs/intelfpga_lite/17.0/quartus/../ip/altera/sopc_builder_ip/common -I D:/programs/intelfpga_lite/17.0/quartus/../ip/altera/sopc_builder_ip/altera_avalon_new_sdram_controller -- D:/programs/intelfpga_lite/17.0/quartus/../ip/altera/sopc_builder_ip/altera_avalon_new_sdram_controller/generate_rtl.pl --name=systemFile_SDRAM_ctrl --dir=C:/Users/z003nc3v/AppData/Local/Temp/alt7473_5607931381307676872.dir/0499_SDRAM_ctrl_gen/ --quartus_dir=D:/programs/intelfpga_lite/17.0/quartus --verilog --config=C:/Users/z003nc3v/AppData/Local/Temp/alt7473_5607931381307676872.dir/0499_SDRAM_ctrl_gen//systemFile_SDRAM_ctrl_component_configuration.pl  --do_build_sim=0  ]
Info: SDRAM_ctrl: Done RTL generation for module 'systemFile_SDRAM_ctrl'
Info: SDRAM_ctrl: "systemFile" instantiated altera_avalon_new_sdram_controller "SDRAM_ctrl"
Info: TCDM: Starting RTL generation for module 'systemFile_TCDM'
Info: TCDM:   Generation command is [exec D:/programs/intelfpga_lite/17.0/quartus/bin64/perl/bin/perl.exe -I D:/programs/intelfpga_lite/17.0/quartus/bin64/perl/lib -I D:/programs/intelfpga_lite/17.0/quartus/sopc_builder/bin/europa -I D:/programs/intelfpga_lite/17.0/quartus/sopc_builder/bin/perl_lib -I D:/programs/intelfpga_lite/17.0/quartus/sopc_builder/bin -I D:/programs/intelfpga_lite/17.0/quartus/../ip/altera/sopc_builder_ip/common -I D:/programs/intelfpga_lite/17.0/quartus/../ip/altera/sopc_builder_ip/altera_avalon_onchip_memory2 -- D:/programs/intelfpga_lite/17.0/quartus/../ip/altera/sopc_builder_ip/altera_avalon_onchip_memory2/generate_rtl.pl --name=systemFile_TCDM --dir=C:/Users/z003nc3v/AppData/Local/Temp/alt7473_5607931381307676872.dir/0500_TCDM_gen/ --quartus_dir=D:/programs/intelfpga_lite/17.0/quartus --verilog --config=C:/Users/z003nc3v/AppData/Local/Temp/alt7473_5607931381307676872.dir/0500_TCDM_gen//systemFile_TCDM_component_configuration.pl  --do_build_sim=0  ]
Info: TCDM: Done RTL generation for module 'systemFile_TCDM'
Info: TCDM: "systemFile" instantiated altera_avalon_onchip_memory2 "TCDM"
Info: TCIM: Starting RTL generation for module 'systemFile_TCIM'
Info: TCIM:   Generation command is [exec D:/programs/intelfpga_lite/17.0/quartus/bin64/perl/bin/perl.exe -I D:/programs/intelfpga_lite/17.0/quartus/bin64/perl/lib -I D:/programs/intelfpga_lite/17.0/quartus/sopc_builder/bin/europa -I D:/programs/intelfpga_lite/17.0/quartus/sopc_builder/bin/perl_lib -I D:/programs/intelfpga_lite/17.0/quartus/sopc_builder/bin -I D:/programs/intelfpga_lite/17.0/quartus/../ip/altera/sopc_builder_ip/common -I D:/programs/intelfpga_lite/17.0/quartus/../ip/altera/sopc_builder_ip/altera_avalon_onchip_memory2 -- D:/programs/intelfpga_lite/17.0/quartus/../ip/altera/sopc_builder_ip/altera_avalon_onchip_memory2/generate_rtl.pl --name=systemFile_TCIM --dir=C:/Users/z003nc3v/AppData/Local/Temp/alt7473_5607931381307676872.dir/0501_TCIM_gen/ --quartus_dir=D:/programs/intelfpga_lite/17.0/quartus --verilog --config=C:/Users/z003nc3v/AppData/Local/Temp/alt7473_5607931381307676872.dir/0501_TCIM_gen//systemFile_TCIM_component_configuration.pl  --do_build_sim=0  ]
Info: TCIM: Done RTL generation for module 'systemFile_TCIM'
Info: TCIM: "systemFile" instantiated altera_avalon_onchip_memory2 "TCIM"
Info: altpll_0: "systemFile" instantiated altpll "altpll_0"
Info: altpll_signalTap: "systemFile" instantiated altpll "altpll_signalTap"
Info: jtag_uart: Starting RTL generation for module 'systemFile_jtag_uart'
Info: jtag_uart:   Generation command is [exec D:/programs/intelfpga_lite/17.0/quartus/bin64/perl/bin/perl.exe -I D:/programs/intelfpga_lite/17.0/quartus/bin64/perl/lib -I D:/programs/intelfpga_lite/17.0/quartus/sopc_builder/bin/europa -I D:/programs/intelfpga_lite/17.0/quartus/sopc_builder/bin/perl_lib -I D:/programs/intelfpga_lite/17.0/quartus/sopc_builder/bin -I D:/programs/intelfpga_lite/17.0/quartus/../ip/altera/sopc_builder_ip/common -I D:/programs/intelfpga_lite/17.0/quartus/../ip/altera/sopc_builder_ip/altera_avalon_jtag_uart -- D:/programs/intelfpga_lite/17.0/quartus/../ip/altera/sopc_builder_ip/altera_avalon_jtag_uart/generate_rtl.pl --name=systemFile_jtag_uart --dir=C:/Users/z003nc3v/AppData/Local/Temp/alt7473_5607931381307676872.dir/0506_jtag_uart_gen/ --quartus_dir=D:/programs/intelfpga_lite/17.0/quartus --verilog --config=C:/Users/z003nc3v/AppData/Local/Temp/alt7473_5607931381307676872.dir/0506_jtag_uart_gen//systemFile_jtag_uart_component_configuration.pl  --do_build_sim=0  ]
Info: jtag_uart: Done RTL generation for module 'systemFile_jtag_uart'
Info: jtag_uart: "systemFile" instantiated altera_avalon_jtag_uart "jtag_uart"
Info: performance_counter_0: Starting RTL generation for module 'systemFile_performance_counter_0'
Info: performance_counter_0:   Generation command is [exec D:/programs/intelfpga_lite/17.0/quartus/bin64/perl/bin/perl.exe -I D:/programs/intelfpga_lite/17.0/quartus/bin64/perl/lib -I D:/programs/intelfpga_lite/17.0/quartus/sopc_builder/bin/europa -I D:/programs/intelfpga_lite/17.0/quartus/sopc_builder/bin/perl_lib -I D:/programs/intelfpga_lite/17.0/quartus/sopc_builder/bin -I D:/programs/intelfpga_lite/17.0/quartus/../ip/altera/sopc_builder_ip/common -I D:/programs/intelfpga_lite/17.0/quartus/../ip/altera/sopc_builder_ip/altera_avalon_performance_counter -- D:/programs/intelfpga_lite/17.0/quartus/../ip/altera/sopc_builder_ip/altera_avalon_performance_counter/generate_rtl.pl --name=systemFile_performance_counter_0 --dir=C:/Users/z003nc3v/AppData/Local/Temp/alt7473_5607931381307676872.dir/0507_performance_counter_0_gen/ --quartus_dir=D:/programs/intelfpga_lite/17.0/quartus --verilog --config=C:/Users/z003nc3v/AppData/Local/Temp/alt7473_5607931381307676872.dir/0507_performance_counter_0_gen//systemFile_performance_counter_0_component_configuration.pl  --do_build_sim=0  ]
Info: performance_counter_0: Done RTL generation for module 'systemFile_performance_counter_0'
Info: performance_counter_0: "systemFile" instantiated altera_avalon_performance_counter "performance_counter_0"
Info: sysid: "systemFile" instantiated altera_avalon_sysid_qsys "sysid"
Info: timer_0: Starting RTL generation for module 'systemFile_timer_0'
Info: timer_0:   Generation command is [exec D:/programs/intelFPGA_lite/17.0/quartus/bin64//perl/bin/perl.exe -I D:/programs/intelFPGA_lite/17.0/quartus/bin64//perl/lib -I D:/programs/intelfpga_lite/17.0/quartus/sopc_builder/bin/europa -I D:/programs/intelfpga_lite/17.0/quartus/sopc_builder/bin/perl_lib -I D:/programs/intelfpga_lite/17.0/quartus/sopc_builder/bin -I D:/programs/intelfpga_lite/17.0/quartus/../ip/altera/sopc_builder_ip/common -I D:/programs/intelfpga_lite/17.0/quartus/../ip/altera/sopc_builder_ip/altera_avalon_timer -- D:/programs/intelfpga_lite/17.0/quartus/../ip/altera/sopc_builder_ip/altera_avalon_timer/generate_rtl.pl --name=systemFile_timer_0 --dir=C:/Users/z003nc3v/AppData/Local/Temp/alt7473_5607931381307676872.dir/0509_timer_0_gen/ --quartus_dir=D:/programs/intelfpga_lite/17.0/quartus --verilog --config=C:/Users/z003nc3v/AppData/Local/Temp/alt7473_5607931381307676872.dir/0509_timer_0_gen//systemFile_timer_0_component_configuration.pl  --do_build_sim=0  ]
Info: timer_0: Done RTL generation for module 'systemFile_timer_0'
Info: timer_0: "systemFile" instantiated altera_avalon_timer "timer_0"
Info: avalon_st_adapter: Inserting error_adapter: error_adapter_0
Info: avalon_st_adapter_001: Inserting error_adapter: error_adapter_0
Info: avalon_st_adapter_002: Inserting error_adapter: error_adapter_0
Info: avalon_st_adapter_003: Inserting error_adapter: error_adapter_0
Info: avalon_st_adapter_004: Inserting error_adapter: error_adapter_0
Info: avalon_st_adapter_005: Inserting error_adapter: error_adapter_0
Info: avalon_st_adapter_006: Inserting error_adapter: error_adapter_0
Info: avalon_st_adapter_007: Inserting error_adapter: error_adapter_0
Info: avalon_st_adapter_008: Inserting error_adapter: error_adapter_0
Info: avalon_st_adapter_009: Inserting error_adapter: error_adapter_0
Info: avalon_st_adapter_010: Inserting error_adapter: error_adapter_0
Info: mm_interconnect_0: "systemFile" instantiated altera_mm_interconnect "mm_interconnect_0"
Info: mm_interconnect_1: "systemFile" instantiated altera_mm_interconnect "mm_interconnect_1"
Info: mm_interconnect_2: "systemFile" instantiated altera_mm_interconnect "mm_interconnect_2"
Info: irq_mapper: "systemFile" instantiated altera_irq_mapper "irq_mapper"
Info: rst_controller: "systemFile" instantiated altera_reset_controller "rst_controller"
Info: cpu: Starting RTL generation for module 'systemFile_CPU_cpu'
Info: cpu:   Generation command is [exec D:/programs/intelFPGA_lite/17.0/quartus/bin64//eperlcmd.exe -I D:/programs/intelFPGA_lite/17.0/quartus/bin64//perl/lib -I D:/programs/intelfpga_lite/17.0/quartus/sopc_builder/bin/europa -I D:/programs/intelfpga_lite/17.0/quartus/sopc_builder/bin/perl_lib -I D:/programs/intelfpga_lite/17.0/quartus/sopc_builder/bin -I D:/programs/intelfpga_lite/17.0/quartus/../ip/altera/nios2_ip/altera_nios2_gen2/cpu_lib -I D:/programs/intelfpga_lite/17.0/quartus/../ip/altera/nios2_ip/altera_nios2_gen2/nios_lib -I D:/programs/intelfpga_lite/17.0/quartus/../ip/altera/nios2_ip/altera_nios2_gen2 -I D:/programs/intelfpga_lite/17.0/quartus/../ip/altera/nios2_ip/altera_nios2_gen2 -- D:/programs/intelfpga_lite/17.0/quartus/../ip/altera/nios2_ip/altera_nios2_gen2/generate_rtl.epl --name=systemFile_CPU_cpu --dir=C:/Users/z003nc3v/AppData/Local/Temp/alt7473_5607931381307676872.dir/0512_cpu_gen/ --quartus_bindir=D:/programs/intelFPGA_lite/17.0/quartus/bin64/ --verilog --config=C:/Users/z003nc3v/AppData/Local/Temp/alt7473_5607931381307676872.dir/0512_cpu_gen//systemFile_CPU_cpu_processor_configuration.pl  --do_build_sim=0  ]
Info: cpu: # 2017.11.03 16:39:37 (*) Starting Nios II generation
Info: cpu: # 2017.11.03 16:39:37 (*)   Checking for plaintext license.
Info: cpu: # 2017.11.03 16:39:38 (*)   Couldn't query license setup in Quartus directory D:/programs/intelFPGA_lite/17.0/quartus/bin64/
Info: cpu: # 2017.11.03 16:39:38 (*)   Defaulting to contents of LM_LICENSE_FILE environment variable
Info: cpu: # 2017.11.03 16:39:38 (*)   LM_LICENSE_FILE environment variable is empty
Info: cpu: # 2017.11.03 16:39:38 (*)   Plaintext license not found.
Info: cpu: # 2017.11.03 16:39:38 (*)   Checking for encrypted license (non-evaluation).
Info: cpu: # 2017.11.03 16:39:39 (*)   Couldn't query license setup in Quartus directory D:/programs/intelFPGA_lite/17.0/quartus/bin64/
Info: cpu: # 2017.11.03 16:39:39 (*)   Defaulting to contents of LM_LICENSE_FILE environment variable
Info: cpu: # 2017.11.03 16:39:39 (*)   LM_LICENSE_FILE environment variable is empty
Info: cpu: # 2017.11.03 16:39:39 (*)   Encrypted license not found.  Defaulting to OCP evaluation license (produces a time-limited SOF)
Info: cpu: # 2017.11.03 16:39:39 (*)   Elaborating CPU configuration settings
Info: cpu: # 2017.11.03 16:39:39 (*)   Creating all objects for CPU
Info: cpu: # 2017.11.03 16:39:39 (*)     Testbench
Info: cpu: # 2017.11.03 16:39:39 (*)     Instruction decoding
Info: cpu: # 2017.11.03 16:39:39 (*)       Instruction fields
Info: cpu: # 2017.11.03 16:39:39 (*)       Instruction decodes
Info: cpu: # 2017.11.03 16:39:40 (*)       Signals for RTL simulation waveforms
Info: cpu: # 2017.11.03 16:39:40 (*)       Instruction controls
Info: cpu: # 2017.11.03 16:39:40 (*)     Pipeline frontend
Info: cpu: # 2017.11.03 16:39:40 (*)   Master tightly_coupled_instruction_master_0 address range (0x2040000, 0x2040fff) overlaps with master instruction_master address range (0x1000000, 0x3ffffff)
Info: cpu: # 2017.11.03 16:39:40 (*)   Master instruction_master address range (0x1000000, 0x3ffffff) overlaps with master tightly_coupled_instruction_master_0 address range (0x2040000, 0x2040fff)
Info: cpu: # 2017.11.03 16:39:40 (*)   Generating non-optimal tightly-coupled master logic due to overlap
Info: cpu: # 2017.11.03 16:39:40 (*)     Pipeline backend
Info: cpu: # 2017.11.03 16:39:40 (*)   Master tightly_coupled_data_master_0 address range (0x2041000, 0x2041fff) overlaps with master data_master address range (0x1000000, 0x3ffffff)
Info: cpu: # 2017.11.03 16:39:40 (*)   Master data_master address range (0x1000000, 0x3ffffff) overlaps with master tightly_coupled_data_master_0 address range (0x2041000, 0x2041fff)
Info: cpu: # 2017.11.03 16:39:40 (*)   Generating non-optimal tightly-coupled master logic due to overlap
Info: cpu: # 2017.11.03 16:39:43 (*)   Generating RTL from CPU objects
Info: cpu: # 2017.11.03 16:39:45 (*)   Creating encrypted RTL
Info: cpu: # 2017.11.03 16:39:46 (*) Done Nios II generation
Info: cpu: Done RTL generation for module 'systemFile_CPU_cpu'
Info: cpu: "CPU" instantiated altera_nios2_gen2_unit "cpu"
Info: DMA_avalon_master_translator: "mm_interconnect_0" instantiated altera_merlin_master_translator "DMA_avalon_master_translator"
Info: LCD_avalon_slave_translator: "mm_interconnect_0" instantiated altera_merlin_slave_translator "LCD_avalon_slave_translator"
Info: DMA_avalon_master_agent: "mm_interconnect_0" instantiated altera_merlin_master_agent "DMA_avalon_master_agent"
Info: LCD_avalon_slave_agent: "mm_interconnect_0" instantiated altera_merlin_slave_agent "LCD_avalon_slave_agent"
Info: LCD_avalon_slave_agent_rsp_fifo: "mm_interconnect_0" instantiated altera_avalon_sc_fifo "LCD_avalon_slave_agent_rsp_fifo"
Info: router: "mm_interconnect_0" instantiated altera_merlin_router "router"
Info: router_001: "mm_interconnect_0" instantiated altera_merlin_router "router_001"
Info: router_002: "mm_interconnect_0" instantiated altera_merlin_router "router_002"
Info: router_003: "mm_interconnect_0" instantiated altera_merlin_router "router_003"
Info: router_004: "mm_interconnect_0" instantiated altera_merlin_router "router_004"
Info: router_005: "mm_interconnect_0" instantiated altera_merlin_router "router_005"
Info: router_006: "mm_interconnect_0" instantiated altera_merlin_router "router_006"
Info: router_007: "mm_interconnect_0" instantiated altera_merlin_router "router_007"
Info: DMA_avalon_master_limiter: "mm_interconnect_0" instantiated altera_merlin_traffic_limiter "DMA_avalon_master_limiter"
Info: Reusing file D:/syncplicity/z003nc3v/Documents/MSE/1Sem_HS17_18/TSM_EmbHardw/w4/exercises/lab4LcdInterface/systemFile/synthesis/submodules/altera_avalon_sc_fifo.v
Info: SDRAM_ctrl_s1_burst_adapter: "mm_interconnect_0" instantiated altera_merlin_burst_adapter "SDRAM_ctrl_s1_burst_adapter"
Info: Reusing file D:/syncplicity/z003nc3v/Documents/MSE/1Sem_HS17_18/TSM_EmbHardw/w4/exercises/lab4LcdInterface/systemFile/synthesis/submodules/altera_avalon_st_pipeline_base.v
Info: cmd_demux: "mm_interconnect_0" instantiated altera_merlin_demultiplexer "cmd_demux"
Info: cmd_demux_001: "mm_interconnect_0" instantiated altera_merlin_demultiplexer "cmd_demux_001"
Info: cmd_demux_002: "mm_interconnect_0" instantiated altera_merlin_demultiplexer "cmd_demux_002"
Info: cmd_mux: "mm_interconnect_0" instantiated altera_merlin_multiplexer "cmd_mux"
Info: cmd_mux_001: "mm_interconnect_0" instantiated altera_merlin_multiplexer "cmd_mux_001"
Info: Reusing file D:/syncplicity/z003nc3v/Documents/MSE/1Sem_HS17_18/TSM_EmbHardw/w4/exercises/lab4LcdInterface/systemFile/synthesis/submodules/altera_merlin_arbitrator.sv
Info: cmd_mux_002: "mm_interconnect_0" instantiated altera_merlin_multiplexer "cmd_mux_002"
Info: Reusing file D:/syncplicity/z003nc3v/Documents/MSE/1Sem_HS17_18/TSM_EmbHardw/w4/exercises/lab4LcdInterface/systemFile/synthesis/submodules/altera_merlin_arbitrator.sv
Info: cmd_mux_003: "mm_interconnect_0" instantiated altera_merlin_multiplexer "cmd_mux_003"
Info: Reusing file D:/syncplicity/z003nc3v/Documents/MSE/1Sem_HS17_18/TSM_EmbHardw/w4/exercises/lab4LcdInterface/systemFile/synthesis/submodules/altera_merlin_arbitrator.sv
Info: cmd_mux_004: "mm_interconnect_0" instantiated altera_merlin_multiplexer "cmd_mux_004"
Info: Reusing file D:/syncplicity/z003nc3v/Documents/MSE/1Sem_HS17_18/TSM_EmbHardw/w4/exercises/lab4LcdInterface/systemFile/synthesis/submodules/altera_merlin_arbitrator.sv
Info: rsp_demux: "mm_interconnect_0" instantiated altera_merlin_demultiplexer "rsp_demux"
Info: rsp_demux_001: "mm_interconnect_0" instantiated altera_merlin_demultiplexer "rsp_demux_001"
Info: rsp_demux_002: "mm_interconnect_0" instantiated altera_merlin_demultiplexer "rsp_demux_002"
Info: rsp_demux_003: "mm_interconnect_0" instantiated altera_merlin_demultiplexer "rsp_demux_003"
Info: rsp_demux_004: "mm_interconnect_0" instantiated altera_merlin_demultiplexer "rsp_demux_004"
Info: rsp_mux: "mm_interconnect_0" instantiated altera_merlin_multiplexer "rsp_mux"
Info: Reusing file D:/syncplicity/z003nc3v/Documents/MSE/1Sem_HS17_18/TSM_EmbHardw/w4/exercises/lab4LcdInterface/systemFile/synthesis/submodules/altera_merlin_arbitrator.sv
Info: rsp_mux_001: "mm_interconnect_0" instantiated altera_merlin_multiplexer "rsp_mux_001"
Info: Reusing file D:/syncplicity/z003nc3v/Documents/MSE/1Sem_HS17_18/TSM_EmbHardw/w4/exercises/lab4LcdInterface/systemFile/synthesis/submodules/altera_merlin_arbitrator.sv
Info: rsp_mux_002: "mm_interconnect_0" instantiated altera_merlin_multiplexer "rsp_mux_002"
Info: Reusing file D:/syncplicity/z003nc3v/Documents/MSE/1Sem_HS17_18/TSM_EmbHardw/w4/exercises/lab4LcdInterface/systemFile/synthesis/submodules/altera_merlin_arbitrator.sv
Info: CPU_data_master_to_LCD_avalon_slave_cmd_width_adapter: "mm_interconnect_0" instantiated altera_merlin_width_adapter "CPU_data_master_to_LCD_avalon_slave_cmd_width_adapter"
Info: Reusing file D:/syncplicity/z003nc3v/Documents/MSE/1Sem_HS17_18/TSM_EmbHardw/w4/exercises/lab4LcdInterface/systemFile/synthesis/submodules/altera_merlin_address_alignment.sv
Info: Reusing file D:/syncplicity/z003nc3v/Documents/MSE/1Sem_HS17_18/TSM_EmbHardw/w4/exercises/lab4LcdInterface/systemFile/synthesis/submodules/altera_merlin_burst_uncompressor.sv
Info: crosser: "mm_interconnect_0" instantiated altera_avalon_st_handshake_clock_crosser "crosser"
Info: Reusing file D:/syncplicity/z003nc3v/Documents/MSE/1Sem_HS17_18/TSM_EmbHardw/w4/exercises/lab4LcdInterface/systemFile/synthesis/submodules/altera_avalon_st_pipeline_base.v
Info: avalon_st_adapter: "mm_interconnect_0" instantiated altera_avalon_st_adapter "avalon_st_adapter"
Info: avalon_st_adapter_002: "mm_interconnect_0" instantiated altera_avalon_st_adapter "avalon_st_adapter_002"
Info: error_adapter_0: "avalon_st_adapter" instantiated error_adapter "error_adapter_0"
Info: error_adapter_0: "avalon_st_adapter_002" instantiated error_adapter "error_adapter_0"
Info: systemFile: Done "systemFile" with 56 modules, 90 files
Info: qsys-generate succeeded.
Info: Finished: Create HDL design files for synthesis
