17:01:34 **** Incremental Build of configuration Nios II for project lab4LcdInterface ****
make all 
Info: Building ../lab4LcdInterface_bsp/
D:/programs/intelFPGA_lite/17.0/nios2eds/bin/gnu/H-x86_64-mingw32/bin/make --no-print-directory -C ../lab4LcdInterface_bsp/
Compiling alt_software_exception.S...
nios2-elf-gcc -MP -MMD -c   -O0 -g -Wall  -mno-hw-div -mhw-mul -mno-hw-mulx -mgpopt=global    -I./HAL/inc -I. -I./drivers/inc -pipe -D__hal__ -DALT_NO_INSTRUCTION_EMULATION -DALT_SINGLE_THREADED  -Wa,-gdwarf2  -o obj/HAL/src/alt_software_exception.o HAL/src/alt_software_exception.S
Creating libhal_bsp.a...
rm -f -f libhal_bsp.a
nios2-elf-ar -src libhal_bsp.a obj/HAL/src/alt_alarm_start.o obj/HAL/src/alt_busy_sleep.o obj/HAL/src/alt_close.o obj/HAL/src/alt_dcache_flush.o obj/HAL/src/alt_dcache_flush_all.o obj/HAL/src/alt_dcache_flush_no_writeback.o obj/HAL/src/alt_dev.o obj/HAL/src/alt_dev_llist_insert.o obj/HAL/src/alt_dma_rxchan_open.o obj/HAL/src/alt_dma_txchan_open.o obj/HAL/src/alt_do_ctors.o obj/HAL/src/alt_do_dtors.o obj/HAL/src/alt_ecc_fatal_entry.o obj/HAL/src/alt_ecc_fatal_exception.o obj/HAL/src/alt_env_lock.o obj/HAL/src/alt_environ.o obj/HAL/src/alt_errno.o obj/HAL/src/alt_exception_entry.o obj/HAL/src/alt_exception_muldiv.o obj/HAL/src/alt_exception_trap.o obj/HAL/src/alt_execve.o obj/HAL/src/alt_exit.o obj/HAL/src/alt_fcntl.o obj/HAL/src/alt_fd_lock.o obj/HAL/src/alt_fd_unlock.o obj/HAL/src/alt_find_dev.o obj/HAL/src/alt_find_file.o obj/HAL/src/alt_flash_dev.o obj/HAL/src/alt_fork.o obj/HAL/src/alt_fs_reg.o obj/HAL/src/alt_fstat.o obj/HAL/src/alt_get_fd.o obj/HAL/src/alt_getchar.o obj/HAL/src/alt_getpid.o obj/HAL/src/alt_gettod.o obj/HAL/src/alt_gmon.o obj/HAL/src/alt_icache_flush.o obj/HAL/src/alt_icache_flush_all.o obj/HAL/src/alt_iic.o obj/HAL/src/alt_iic_isr_register.o obj/HAL/src/alt_instruction_exception_entry.o obj/HAL/src/alt_instruction_exception_register.o obj/HAL/src/alt_io_redirect.o obj/HAL/src/alt_ioctl.o obj/HAL/src/alt_irq_entry.o obj/HAL/src/alt_irq_handler.o obj/HAL/src/alt_irq_register.o obj/HAL/src/alt_irq_vars.o obj/HAL/src/alt_isatty.o obj/HAL/src/alt_kill.o obj/HAL/src/alt_link.o obj/HAL/src/alt_load.o obj/HAL/src/alt_log_macro.o obj/HAL/src/alt_log_printf.o obj/HAL/src/alt_lseek.o obj/HAL/src/alt_main.o obj/HAL/src/alt_malloc_lock.o obj/HAL/src/alt_mcount.o obj/HAL/src/alt_open.o obj/HAL/src/alt_printf.o obj/HAL/src/alt_putchar.o obj/HAL/src/alt_putcharbuf.o obj/HAL/src/alt_putstr.o obj/HAL/src/alt_read.o obj/HAL/src/alt_release_fd.o obj/HAL/src/alt_remap_cached.o obj/HAL/src/alt_remap_uncached.o obj/HAL/src/alt_rename.o obj/HAL/src/alt_sbrk.o obj/HAL/src/alt_settod.o obj/HAL/src/alt_software_exception.o obj/HAL/src/alt_stat.o obj/HAL/src/alt_tick.o obj/HAL/src/alt_times.o obj/HAL/src/alt_uncached_free.o obj/HAL/src/alt_uncached_malloc.o obj/HAL/src/alt_unlink.o obj/HAL/src/alt_usleep.o obj/HAL/src/alt_wait.o obj/HAL/src/alt_write.o obj/HAL/src/altera_nios2_gen2_irq.o obj/HAL/src/crt0.o obj/alt_sys_init.o obj/drivers/src/altera_avalon_jtag_uart_fd.o obj/drivers/src/altera_avalon_jtag_uart_init.o obj/drivers/src/altera_avalon_jtag_uart_ioctl.o obj/drivers/src/altera_avalon_jtag_uart_read.o obj/drivers/src/altera_avalon_jtag_uart_write.o obj/drivers/src/altera_avalon_performance_counter.o obj/drivers/src/altera_avalon_sysid_qsys.o obj/drivers/src/altera_avalon_timer_sc.o obj/drivers/src/altera_avalon_timer_ts.o obj/drivers/src/altera_avalon_timer_vars.o obj/drivers/src/perf_print_formatted_report.o
[BSP build complete]
Info: Compiling main.c to obj/default/main.o
nios2-elf-gcc -xc -MP -MMD -c -I../lab4LcdInterface_bsp//HAL/inc -I../lab4LcdInterface_bsp/ -I../lab4LcdInterface_bsp//drivers/inc  -pipe -D__hal__ -DALT_NO_INSTRUCTION_EMULATION -DALT_SINGLE_THREADED    -O0 -g -Wall   -mno-hw-div -mhw-mul -mno-hw-mulx -mgpopt=global  -o obj/default/main.o main.c
In file included from main.c:25:0:
./inc/tuxAnimation_1.h:6:102: warning: missing braces around initializer [-Wmissing-braces]
 __attribute__((section(".SDRAM_ctrl")))const unsigned short picture_array_tuxAnimation_1[320][240] = {0x5228,0x000E,0x0000,0x0000,0x0000,0x0000,0x0000,0x0000,
                                                                                                      ^
./inc/tuxAnimation_1.h:6:102: note: (near initialization for 'picture_array_tuxAnimation_1')
In file included from main.c:26:0:
./inc/tuxAnimation_2.h:6:102: warning: missing braces around initializer [-Wmissing-braces]
 __attribute__((section(".SDRAM_ctrl")))const unsigned short picture_array_tuxAnimation_2[320][240] = {0x5228,0x000E,0x0000,0x0000,0x0000,0x0000,0x0000,0x0000,
                                                                                                      ^
./inc/tuxAnimation_2.h:6:102: note: (near initialization for 'picture_array_tuxAnimation_2')
In file included from main.c:27:0:
./inc/tuxAnimation_3.h:6:102: warning: missing braces around initializer [-Wmissing-braces]
 __attribute__((section(".SDRAM_ctrl")))const unsigned short picture_array_tuxAnimation_3[320][240] = {0x5228,0x000E,0x0000,0x0000,0x0000,0x0000,0x0000,0x0000,
                                                                                                      ^
./inc/tuxAnimation_3.h:6:102: note: (near initialization for 'picture_array_tuxAnimation_3')
main.c: In function 'main':
main.c:61:12: warning: unused variable 'uSrcMsw' [-Wunused-variable]
   uint16_t uSrcMsw = (uint16_t)((((uint32_t)(&uTestVal)) & 0xFFFF0000U) >> 16U);
            ^
main.c:60:12: warning: unused variable 'uSrcLsw' [-Wunused-variable]
   uint16_t uSrcLsw = (uint16_t)(((uint32_t)(&uTestVal)) & 0x0000FFFFU);
            ^
Info: Linking lab4LcdInterface.elf
nios2-elf-g++  -T'../lab4LcdInterface_bsp//linker.x' -msys-crt0='../lab4LcdInterface_bsp//obj/HAL/src/crt0.o' -msys-lib=hal_bsp -L../lab4LcdInterface_bsp/   -Wl,-Map=lab4LcdInterface.map   -O0 -g -Wall   -mno-hw-div -mhw-mul -mno-hw-mulx -mgpopt=global  -o lab4LcdInterface.elf obj/default/main.o -lm -msys-lib=m
nios2-elf-insert lab4LcdInterface.elf --thread_model hal --cpu_name CPU --qsys true --simulation_enabled false --id 0 --sidp 0x20430c8 --timestamp 1509723729 --stderr_dev jtag_uart --stdin_dev jtag_uart --stdout_dev jtag_uart --sopc_system_name systemFile --quartus_project_dir "D:/syncplicity/z003nc3v/Documents/MSE/1Sem_HS17_18/TSM_EmbHardw/w4/exercises/lab4LcdInterface" --jdi ../..//output_files/mainRevision.jdi --sopcinfo D:/syncplicity/z003nc3v/Documents/MSE/1Sem_HS17_18/TSM_EmbHardw/w4/exercises/lab4LcdInterface/software/lab4LcdInterface_bsp/../../systemFile.sopcinfo
Info: (lab4LcdInterface.elf) 480 KBytes program size (code + initialized data).
Info:                        15896 KBytes free for stack + heap.
Info: Creating lab4LcdInterface.objdump
nios2-elf-objdump --disassemble --syms --all-header --source lab4LcdInterface.elf >lab4LcdInterface.objdump
[lab4LcdInterface build complete]

17:01:40 Build Finished (took 6s.666ms)

